<?xml version="1.0" encoding="UTF-8"?>
<!-- Generated by org.testng.reporters.JUnitXMLReporter -->
<testsuite ignored="4" hostname="comunus-194" failures="1" tests="1" name="Suite Test2" time="194.883" errors="0" timestamp="01 Dec 2023 08:04:30 GMT">
  <testcase classname="com.absli.testcases.EndtoEndProposerDiff_Major" name="CompletemajordiffN_AyushPlan2" time="146.832">
    <failure type="org.openqa.selenium.NoSuchElementException" message="no such element: Unable to locate element: {&amp;quot;method&amp;quot;:&amp;quot;xpath&amp;quot;,&amp;quot;selector&amp;quot;:&amp;quot;//ul//li//span[contains(text(),&amp;apos;Long Term Income&amp;apos;)]&amp;quot;}
  (Session info: chrome=119.0.6045.105)
For documentation on this error, please visit: https://www.selenium.dev/documentation/webdriver/troubleshooting/errors#no-such-element-exception
Build info: version: &amp;apos;4.11.0&amp;apos;, revision: &amp;apos;040bc5406b&amp;apos;
System info: os.name: &amp;apos;Windows 11&amp;apos;, os.arch: &amp;apos;amd64&amp;apos;, os.version: &amp;apos;10.0&amp;apos;, java.version: &amp;apos;20.0.1&amp;apos;
Driver info: org.openqa.selenium.chrome.ChromeDriver
Command: [050f879f4c5791599d4d62448f9a5ae3, findElement {using=xpath, value=//ul//li//span[contains(text(),&amp;apos;Long Term Income&amp;apos;)]}]
Capabilities {acceptInsecureCerts: false, browserName: chrome, browserVersion: 119.0.6045.105, chrome: {chromedriverVersion: 119.0.6045.105 (38c72552c5e..., userDataDir: C:\Users\COMUNU~1.COM\AppDa...}, fedcm:accounts: true, goog:chromeOptions: {debuggerAddress: localhost:57287}, networkConnectionEnabled: false, pageLoadStrategy: normal, platformName: windows, proxy: Proxy(), se:cdp: ws://localhost:57287/devtoo..., se:cdpVersion: 119.0.6045.105, setWindowRect: true, strictFileInteractability: false, timeouts: {implicit: 0, pageLoad: 300000, script: 30000}, unhandledPromptBehavior: dismiss and notify, webauthn:extension:credBlob: true, webauthn:extension:largeBlob: true, webauthn:extension:minPinLength: true, webauthn:extension:prf: true, webauthn:virtualAuthenticators: true}
Session ID: 050f879f4c5791599d4d62448f9a5ae3">
      <![CDATA[org.openqa.selenium.NoSuchElementException: no such element: Unable to locate element: {"method":"xpath","selector":"//ul//li//span[contains(text(),'Long Term Income')]"}
  (Session info: chrome=119.0.6045.105)
For documentation on this error, please visit: https://www.selenium.dev/documentation/webdriver/troubleshooting/errors#no-such-element-exception
Build info: version: '4.11.0', revision: '040bc5406b'
System info: os.name: 'Windows 11', os.arch: 'amd64', os.version: '10.0', java.version: '20.0.1'
Driver info: org.openqa.selenium.chrome.ChromeDriver
Command: [050f879f4c5791599d4d62448f9a5ae3, findElement {using=xpath, value=//ul//li//span[contains(text(),'Long Term Income')]}]
Capabilities {acceptInsecureCerts: false, browserName: chrome, browserVersion: 119.0.6045.105, chrome: {chromedriverVersion: 119.0.6045.105 (38c72552c5e..., userDataDir: C:\Users\COMUNU~1.COM\AppDa...}, fedcm:accounts: true, goog:chromeOptions: {debuggerAddress: localhost:57287}, networkConnectionEnabled: false, pageLoadStrategy: normal, platformName: windows, proxy: Proxy(), se:cdp: ws://localhost:57287/devtoo..., se:cdpVersion: 119.0.6045.105, setWindowRect: true, strictFileInteractability: false, timeouts: {implicit: 0, pageLoad: 300000, script: 30000}, unhandledPromptBehavior: dismiss and notify, webauthn:extension:credBlob: true, webauthn:extension:largeBlob: true, webauthn:extension:minPinLength: true, webauthn:extension:prf: true, webauthn:virtualAuthenticators: true}
Session ID: 050f879f4c5791599d4d62448f9a5ae3
	at org.openqa.selenium.remote.codec.w3c.W3CHttpResponseCodec.createException(W3CHttpResponseCodec.java:200)
	at org.openqa.selenium.remote.codec.w3c.W3CHttpResponseCodec.decode(W3CHttpResponseCodec.java:133)
	at org.openqa.selenium.remote.codec.w3c.W3CHttpResponseCodec.decode(W3CHttpResponseCodec.java:52)
	at org.openqa.selenium.remote.HttpCommandExecutor.execute(HttpCommandExecutor.java:191)
	at org.openqa.selenium.remote.service.DriverCommandExecutor.invokeExecute(DriverCommandExecutor.java:196)
	at org.openqa.selenium.remote.service.DriverCommandExecutor.execute(DriverCommandExecutor.java:171)
	at org.openqa.selenium.remote.RemoteWebDriver.execute(RemoteWebDriver.java:518)
	at org.openqa.selenium.remote.ElementLocation$ElementFinder$2.findElement(ElementLocation.java:165)
	at org.openqa.selenium.remote.ElementLocation.findElement(ElementLocation.java:59)
	at org.openqa.selenium.remote.RemoteWebDriver.findElement(RemoteWebDriver.java:355)
	at org.openqa.selenium.remote.RemoteWebDriver.findElement(RemoteWebDriver.java:349)
	at com.absli.pageObjects.ViewQuote.SelectbeneoptWeb(ViewQuote.java:212)
	at Utils.ViewQuoteFactoryN_Ayush.ViewPageNischitAyush(ViewQuoteFactoryN_Ayush.java:141)
	at com.absli.testcases.EndtoEndProposerDiff_Major.CompletemajordiffN_AyushPlan2(EndtoEndProposerDiff_Major.java:84)
	at java.base/java.util.concurrent.FutureTask.run(FutureTask.java:317)
	at java.base/java.util.concurrent.ThreadPoolExecutor.runWorker(ThreadPoolExecutor.java:1144)
	at java.base/java.util.concurrent.ThreadPoolExecutor$Worker.run(ThreadPoolExecutor.java:642)
	at java.base/java.lang.Thread.run(Thread.java:1623)
... Removed 17 stack frames]]>
    </failure>
  </testcase> <!-- CompletemajordiffN_AyushPlan2 -->
  <testcase classname="com.absli.testcases.EndtoEndProposerDiff_Major" name="CompletemajordiffN_AyushPlan3" time="0.0">
    <ignored/>
  </testcase> <!-- CompletemajordiffN_AyushPlan3 -->
  <testcase classname="com.absli.testcases.EndtoEndProposerDiff_Major" name="CompletemajordiffN_AyushPlan5" time="0.0">
    <ignored/>
  </testcase> <!-- CompletemajordiffN_AyushPlan5 -->
  <testcase classname="com.absli.testcases.EndtoEndProposerDiff_Major" name="CompletemajordiffN_AyushPlan1" time="0.0">
    <ignored/>
  </testcase> <!-- CompletemajordiffN_AyushPlan1 -->
  <testcase classname="com.absli.testcases.EndtoEndProposerDiff_Major" name="CompletemajordiffN_AyushPlan4" time="0.0">
    <ignored/>
  </testcase> <!-- CompletemajordiffN_AyushPlan4 -->
</testsuite> <!-- Suite Test2 -->
