<?xml version="1.0" encoding="UTF-8"?>
<!-- Generated by org.testng.reporters.JUnitXMLReporter -->
<testsuite ignored="9" hostname="comunus-194" failures="1" tests="1" name="Suite Test1" time="384.802" errors="0" timestamp="15 Nov 2023 07:26:26 GMT">
  <testcase classname="com.absli.testcases.EndtoEndProposerSame" name="CompletesamePSK" time="268.515">
    <failure type="org.openqa.selenium.WebDriverException" message="disconnected: not connected to DevTools
  (failed to check if window was closed: disconnected: not connected to DevTools)
  (Session info: chrome=119.0.6045.105)
Build info: version: &amp;apos;4.11.0&amp;apos;, revision: &amp;apos;040bc5406b&amp;apos;
System info: os.name: &amp;apos;Windows 11&amp;apos;, os.arch: &amp;apos;amd64&amp;apos;, os.version: &amp;apos;10.0&amp;apos;, java.version: &amp;apos;20.0.1&amp;apos;
Driver info: org.openqa.selenium.chrome.ChromeDriver
Command: [a2dc1fb257caf95cc9ed70d204b627b6, isElementDisplayed {id=2402026F3927DBBE7C63FFA9D9C6829A_element_525}]
Capabilities {acceptInsecureCerts: false, browserName: chrome, browserVersion: 119.0.6045.105, chrome: {chromedriverVersion: 119.0.6045.105 (38c72552c5e..., userDataDir: C:\Users\COMUNU~1.COM\AppDa...}, fedcm:accounts: true, goog:chromeOptions: {debuggerAddress: localhost:57855}, networkConnectionEnabled: false, pageLoadStrategy: normal, platformName: windows, proxy: Proxy(), se:cdp: ws://localhost:57855/devtoo..., se:cdpVersion: 119.0.6045.105, setWindowRect: true, strictFileInteractability: false, timeouts: {implicit: 0, pageLoad: 300000, script: 30000}, unhandledPromptBehavior: dismiss and notify, webauthn:extension:credBlob: true, webauthn:extension:largeBlob: true, webauthn:extension:minPinLength: true, webauthn:extension:prf: true, webauthn:virtualAuthenticators: true}
Element: [[ChromeDriver: chrome on windows (a2dc1fb257caf95cc9ed70d204b627b6)] -&amp;gt; xpath: //img[contains(@style,&amp;apos;padding: 1.5rem;&amp;apos;)]]
Session ID: a2dc1fb257caf95cc9ed70d204b627b6">
      <![CDATA[org.openqa.selenium.WebDriverException: disconnected: not connected to DevTools
  (failed to check if window was closed: disconnected: not connected to DevTools)
  (Session info: chrome=119.0.6045.105)
Build info: version: '4.11.0', revision: '040bc5406b'
System info: os.name: 'Windows 11', os.arch: 'amd64', os.version: '10.0', java.version: '20.0.1'
Driver info: org.openqa.selenium.chrome.ChromeDriver
Command: [a2dc1fb257caf95cc9ed70d204b627b6, isElementDisplayed {id=2402026F3927DBBE7C63FFA9D9C6829A_element_525}]
Capabilities {acceptInsecureCerts: false, browserName: chrome, browserVersion: 119.0.6045.105, chrome: {chromedriverVersion: 119.0.6045.105 (38c72552c5e..., userDataDir: C:\Users\COMUNU~1.COM\AppDa...}, fedcm:accounts: true, goog:chromeOptions: {debuggerAddress: localhost:57855}, networkConnectionEnabled: false, pageLoadStrategy: normal, platformName: windows, proxy: Proxy(), se:cdp: ws://localhost:57855/devtoo..., se:cdpVersion: 119.0.6045.105, setWindowRect: true, strictFileInteractability: false, timeouts: {implicit: 0, pageLoad: 300000, script: 30000}, unhandledPromptBehavior: dismiss and notify, webauthn:extension:credBlob: true, webauthn:extension:largeBlob: true, webauthn:extension:minPinLength: true, webauthn:extension:prf: true, webauthn:virtualAuthenticators: true}
Element: [[ChromeDriver: chrome on windows (a2dc1fb257caf95cc9ed70d204b627b6)] -> xpath: //img[contains(@style,'padding: 1.5rem;')]]
Session ID: a2dc1fb257caf95cc9ed70d204b627b6
	at org.openqa.selenium.remote.codec.w3c.W3CHttpResponseCodec.createException(W3CHttpResponseCodec.java:200)
	at org.openqa.selenium.remote.codec.w3c.W3CHttpResponseCodec.decode(W3CHttpResponseCodec.java:133)
	at org.openqa.selenium.remote.codec.w3c.W3CHttpResponseCodec.decode(W3CHttpResponseCodec.java:52)
	at org.openqa.selenium.remote.HttpCommandExecutor.execute(HttpCommandExecutor.java:191)
	at org.openqa.selenium.remote.service.DriverCommandExecutor.invokeExecute(DriverCommandExecutor.java:196)
	at org.openqa.selenium.remote.service.DriverCommandExecutor.execute(DriverCommandExecutor.java:171)
	at org.openqa.selenium.remote.RemoteWebDriver.execute(RemoteWebDriver.java:518)
	at org.openqa.selenium.remote.RemoteWebElement.execute(RemoteWebElement.java:224)
	at org.openqa.selenium.remote.RemoteWebElement.isDisplayed(RemoteWebElement.java:280)
	at org.openqa.selenium.support.ui.ExpectedConditions.isInvisible(ExpectedConditions.java:1374)
	at org.openqa.selenium.support.ui.ExpectedConditions.access$200(ExpectedConditions.java:37)
	at org.openqa.selenium.support.ui.ExpectedConditions$48.apply(ExpectedConditions.java:1362)
	at org.openqa.selenium.support.ui.ExpectedConditions$48.apply(ExpectedConditions.java:1358)
	at org.openqa.selenium.support.ui.FluentWait.until(FluentWait.java:205)
	at com.absli.utils.WaitUtils.VerifyloadingWait(WaitUtils.java:48)
	at com.absli.pageObjects.Dashboard.checkLoaderWeb(Dashboard.java:56)
	at Utils.EndToEndProSameJourney.gotoEndToEndSameJourney(Unknown Source)
	at com.absli.testcases.EndtoEndProposerSame.CompletesamePSK(EndtoEndProposerSame.java:134)
	at java.base/java.util.concurrent.FutureTask.run(FutureTask.java:317)
	at java.base/java.util.concurrent.ThreadPoolExecutor.runWorker(ThreadPoolExecutor.java:1144)
	at java.base/java.util.concurrent.ThreadPoolExecutor$Worker.run(ThreadPoolExecutor.java:642)
	at java.base/java.lang.Thread.run(Thread.java:1623)
... Removed 17 stack frames]]>
    </failure>
  </testcase> <!-- CompletesamePSK -->
  <testcase classname="com.absli.testcases.EndtoEndProposerSame" name="CompletesameASK" time="0.0">
    <ignored/>
  </testcase> <!-- CompletesameASK -->
  <testcase classname="com.absli.testcases.EndtoEndProposerSame" name="CompletesameGMStestV" time="0.0">
    <ignored/>
  </testcase> <!-- CompletesameGMStestV -->
  <testcase classname="com.absli.testcases.EndtoEndProposerSame" name="CompletesamePSK3" time="0.0">
    <ignored/>
  </testcase> <!-- CompletesamePSK3 -->
  <testcase classname="com.absli.testcases.EndtoEndProposerSame" name="CompletesamePSK2" time="0.0">
    <ignored/>
  </testcase> <!-- CompletesamePSK2 -->
  <testcase classname="com.absli.testcases.EndtoEndProposerSame" name="CompletesamePSK1" time="0.0">
    <ignored/>
  </testcase> <!-- CompletesamePSK1 -->
  <testcase classname="com.absli.testcases.EndtoEndProposerSame" name="Completesame" time="0.0">
    <ignored/>
  </testcase> <!-- Completesame -->
  <testcase classname="com.absli.testcases.EndtoEndProposerSame" name="CompletesameDIGI" time="0.0">
    <ignored/>
  </testcase> <!-- CompletesameDIGI -->
  <testcase classname="com.absli.testcases.EndtoEndProposerSame" name="CompletesameSalaried" time="0.0">
    <ignored/>
  </testcase> <!-- CompletesameSalaried -->
  <testcase classname="com.absli.testcases.EndtoEndProposerSame" name="CompletesameCanser" time="0.0">
    <ignored/>
  </testcase> <!-- CompletesameCanser -->
</testsuite> <!-- Suite Test1 -->
