<?xml version="1.0" encoding="UTF-8"?>
<!-- Generated by org.testng.reporters.JUnitXMLReporter -->
<testsuite ignored="9" hostname="comunus-194" failures="1" tests="1" name="Suite Test4" time="145.868" errors="0" timestamp="09 Nov 2023 04:01:04 GMT">
  <testcase classname="com.absli.testcases.EndtoEndProposerSame" name="CompletesamePSK3" time="53.297">
    <failure type="org.openqa.selenium.NoSuchElementException" message="no such element: Unable to locate element: {&amp;quot;method&amp;quot;:&amp;quot;xpath&amp;quot;,&amp;quot;selector&amp;quot;:&amp;quot;//span[contains(text(),&amp;apos;Enter Manually&amp;apos;)]&amp;quot;}
  (Session info: chrome=119.0.6045.105)
For documentation on this error, please visit: https://www.selenium.dev/documentation/webdriver/troubleshooting/errors#no-such-element-exception
Build info: version: &amp;apos;4.11.0&amp;apos;, revision: &amp;apos;040bc5406b&amp;apos;
System info: os.name: &amp;apos;Windows 11&amp;apos;, os.arch: &amp;apos;amd64&amp;apos;, os.version: &amp;apos;10.0&amp;apos;, java.version: &amp;apos;20.0.1&amp;apos;
Driver info: org.openqa.selenium.chrome.ChromeDriver
Command: [eb4153b7ceec82c884edfc91025131a2, findElement {using=xpath, value=//span[contains(text(),&amp;apos;Enter Manually&amp;apos;)]}]
Capabilities {acceptInsecureCerts: false, browserName: chrome, browserVersion: 119.0.6045.105, chrome: {chromedriverVersion: 119.0.6045.105 (38c72552c5e..., userDataDir: C:\Users\COMUNU~1.COM\AppDa...}, fedcm:accounts: true, goog:chromeOptions: {debuggerAddress: localhost:57114}, networkConnectionEnabled: false, pageLoadStrategy: normal, platformName: windows, proxy: Proxy(), se:cdp: ws://localhost:57114/devtoo..., se:cdpVersion: 119.0.6045.105, setWindowRect: true, strictFileInteractability: false, timeouts: {implicit: 0, pageLoad: 300000, script: 30000}, unhandledPromptBehavior: dismiss and notify, webauthn:extension:credBlob: true, webauthn:extension:largeBlob: true, webauthn:extension:minPinLength: true, webauthn:extension:prf: true, webauthn:virtualAuthenticators: true}
Session ID: eb4153b7ceec82c884edfc91025131a2">
      <![CDATA[org.openqa.selenium.NoSuchElementException: no such element: Unable to locate element: {"method":"xpath","selector":"//span[contains(text(),'Enter Manually')]"}
  (Session info: chrome=119.0.6045.105)
For documentation on this error, please visit: https://www.selenium.dev/documentation/webdriver/troubleshooting/errors#no-such-element-exception
Build info: version: '4.11.0', revision: '040bc5406b'
System info: os.name: 'Windows 11', os.arch: 'amd64', os.version: '10.0', java.version: '20.0.1'
Driver info: org.openqa.selenium.chrome.ChromeDriver
Command: [eb4153b7ceec82c884edfc91025131a2, findElement {using=xpath, value=//span[contains(text(),'Enter Manually')]}]
Capabilities {acceptInsecureCerts: false, browserName: chrome, browserVersion: 119.0.6045.105, chrome: {chromedriverVersion: 119.0.6045.105 (38c72552c5e..., userDataDir: C:\Users\COMUNU~1.COM\AppDa...}, fedcm:accounts: true, goog:chromeOptions: {debuggerAddress: localhost:57114}, networkConnectionEnabled: false, pageLoadStrategy: normal, platformName: windows, proxy: Proxy(), se:cdp: ws://localhost:57114/devtoo..., se:cdpVersion: 119.0.6045.105, setWindowRect: true, strictFileInteractability: false, timeouts: {implicit: 0, pageLoad: 300000, script: 30000}, unhandledPromptBehavior: dismiss and notify, webauthn:extension:credBlob: true, webauthn:extension:largeBlob: true, webauthn:extension:minPinLength: true, webauthn:extension:prf: true, webauthn:virtualAuthenticators: true}
Session ID: eb4153b7ceec82c884edfc91025131a2
	at org.openqa.selenium.remote.codec.w3c.W3CHttpResponseCodec.createException(W3CHttpResponseCodec.java:200)
	at org.openqa.selenium.remote.codec.w3c.W3CHttpResponseCodec.decode(W3CHttpResponseCodec.java:133)
	at org.openqa.selenium.remote.codec.w3c.W3CHttpResponseCodec.decode(W3CHttpResponseCodec.java:52)
	at org.openqa.selenium.remote.HttpCommandExecutor.execute(HttpCommandExecutor.java:191)
	at org.openqa.selenium.remote.service.DriverCommandExecutor.invokeExecute(DriverCommandExecutor.java:196)
	at org.openqa.selenium.remote.service.DriverCommandExecutor.execute(DriverCommandExecutor.java:171)
	at org.openqa.selenium.remote.RemoteWebDriver.execute(RemoteWebDriver.java:518)
	at org.openqa.selenium.remote.ElementLocation$ElementFinder$2.findElement(ElementLocation.java:165)
	at org.openqa.selenium.remote.ElementLocation.findElement(ElementLocation.java:59)
	at org.openqa.selenium.remote.RemoteWebDriver.findElement(RemoteWebDriver.java:355)
	at org.openqa.selenium.remote.RemoteWebDriver.findElement(RemoteWebDriver.java:349)
	at org.openqa.selenium.support.pagefactory.DefaultElementLocator.findElement(DefaultElementLocator.java:68)
	at org.openqa.selenium.support.pagefactory.internal.LocatingElementHandler.invoke(LocatingElementHandler.java:38)
	at jdk.proxy2/jdk.proxy2.$Proxy20.isDisplayed(Unknown Source)
	at com.absli.pageObjects.CustomerProfile.ClickOnEnterManualButton(CustomerProfile.java:249)
	at Utils.GoToPSMpageJourney.gotoPSMpage(GoToPSMpageJourney.java:197)
	at com.absli.testcases.EndtoEndProposerSame.CompletesamePSK3(EndtoEndProposerSame.java:177)
	at java.base/java.util.concurrent.FutureTask.run(FutureTask.java:317)
	at java.base/java.util.concurrent.ThreadPoolExecutor.runWorker(ThreadPoolExecutor.java:1144)
	at java.base/java.util.concurrent.ThreadPoolExecutor$Worker.run(ThreadPoolExecutor.java:642)
	at java.base/java.lang.Thread.run(Thread.java:1623)
... Removed 17 stack frames]]>
    </failure>
  </testcase> <!-- CompletesamePSK3 -->
  <testcase classname="com.absli.testcases.EndtoEndProposerSame" name="CompletesameASK" time="0.0">
    <ignored/>
  </testcase> <!-- CompletesameASK -->
  <testcase classname="com.absli.testcases.EndtoEndProposerSame" name="CompletesamePSK" time="0.0">
    <ignored/>
  </testcase> <!-- CompletesamePSK -->
  <testcase classname="com.absli.testcases.EndtoEndProposerSame" name="CompletesameGMStestV" time="0.0">
    <ignored/>
  </testcase> <!-- CompletesameGMStestV -->
  <testcase classname="com.absli.testcases.EndtoEndProposerSame" name="CompletesamePSK2" time="0.0">
    <ignored/>
  </testcase> <!-- CompletesamePSK2 -->
  <testcase classname="com.absli.testcases.EndtoEndProposerSame" name="CompletesamePSK1" time="0.0">
    <ignored/>
  </testcase> <!-- CompletesamePSK1 -->
  <testcase classname="com.absli.testcases.EndtoEndProposerSame" name="Completesame" time="0.0">
    <ignored/>
  </testcase> <!-- Completesame -->
  <testcase classname="com.absli.testcases.EndtoEndProposerSame" name="CompletesameDIGI" time="0.0">
    <ignored/>
  </testcase> <!-- CompletesameDIGI -->
  <testcase classname="com.absli.testcases.EndtoEndProposerSame" name="CompletesameSalaried" time="0.0">
    <ignored/>
  </testcase> <!-- CompletesameSalaried -->
  <testcase classname="com.absli.testcases.EndtoEndProposerSame" name="CompletesameCanser" time="0.0">
    <ignored/>
  </testcase> <!-- CompletesameCanser -->
</testsuite> <!-- Suite Test4 -->
